<?xml version="1.0" encoding="UTF-8"?>
<!-- Generated by org.testng.reporters.JUnitXMLReporter -->
<testsuite ignored="0" hostname="DESKTOP-MUIS24O" failures="0" tests="5" name="Test" time="42.163" errors="0" timestamp="2020-09-15T18:17:09 CEST">
  <testcase classname="nestedFramesTests.NestedFramesTests" name="verifyLeftFrame" time="3.665"/>
  <testcase classname="authenticationTests.AuthenticationForm" name="sucessAuthentication" time="3.893"/>
  <testcase classname="nestedFramesTests.NestedFramesTests" name="verifyRightFrame" time="1.586"/>
  <testcase classname="authenticationTests.AuthenticationForm" name="failedAuthentication" time="1.764"/>
  <testcase classname="authenticationTests.AuthenticationForm" name="incorrectPasswordAuth" time="1.277"/>
</testsuite> <!-- Test -->
