<?xml version="1.0" encoding="UTF-8"?>
<!-- Generated by org.testng.reporters.JUnitXMLReporter -->
<testsuite ignored="0" hostname="DESKTOP-MUIS24O" failures="0" tests="3" name="Default test" time="54.53" errors="0" timestamp="2020-10-13T13:32:35 CEST">
  <testcase classname="horizontalSliderTests.SliderTests" name="verifyFifthValue" time="3.033"/>
  <testcase classname="horizontalSliderTests.SliderTests" name="verifySecondValue" time="0.671"/>
  <testcase classname="horizontalSliderTests.SliderTests" name="verifyFourthValue" time="1.143"/>
</testsuite> <!-- Default test -->
