<?xml version="1.0" encoding="UTF-8"?>
<!-- Generated by org.testng.reporters.JUnitXMLReporter -->
<testsuite ignored="0" hostname="DESKTOP-MUIS24O" failures="0" tests="3" name="Default test" time="32.722" errors="0" timestamp="2020-09-18T16:36:28 CEST">
  <testcase classname="horizontalSliderTests.SliderTests" name="verifyFifthValue" time="1.238"/>
  <testcase classname="horizontalSliderTests.SliderTests" name="verifySecondValue" time="0.912"/>
  <testcase classname="horizontalSliderTests.SliderTests" name="verifyFourthValue" time="1.015"/>
</testsuite> <!-- Default test -->
