<?xml version="1.0" encoding="UTF-8"?>
<!-- Generated by org.testng.reporters.JUnitXMLReporter -->
<testsuite ignored="0" hostname="DESKTOP-MUIS24O" failures="0" tests="3" name="Test" time="30.447" errors="0" timestamp="2020-09-15T14:36:11 CEST">
  <testcase classname="authenticationTests.AuthenticationForm" name="sucessAuthentication" time="1.139"/>
  <testcase classname="authenticationTests.AuthenticationForm" name="failedAuthentication" time="1.182"/>
  <testcase classname="authenticationTests.AuthenticationForm" name="incorrectPasswordAuth" time="1.274"/>
</testsuite> <!-- Test -->
