<?xml version="1.0" encoding="UTF-8"?>
<testsuite xmlns:xsi="http://www.w3.org/2001/XMLSchema-instance" xsi:noNamespaceSchemaLocation="https://maven.apache.org/surefire/maven-surefire-plugin/xsd/surefire-test-report.xsd" name="TestSuite" time="41.14" tests="9" errors="0" skipped="0" failures="0">
  <properties>
[...]
</properties>
  <testcase name="uploadPDFFile" classname="uploadFilesTests.UploadFileTests" time="1.089"/>
  <testcase name="verifyLeftFrame" classname="nestedFramesTests.NestedFramesTests" time="1.103"/>
  <testcase name="sucessAuthentication" classname="authenticationTests.AuthenticationForm" time="1.336"/>
  <testcase name="verifyFifthValue" classname="horizontalSliderTests.SliderTests" time="0.088"/>
  <testcase name="verifyRightFrame" classname="nestedFramesTests.NestedFramesTests" time="1.015"/>
  <testcase name="failedAuthentication" classname="authenticationTests.AuthenticationForm" time="1.424"/>
  <testcase name="verifySecondValue" classname="horizontalSliderTests.SliderTests" time="0.694"/>
  <testcase name="incorrectPasswordAuth" classname="authenticationTests.AuthenticationForm" time="1.241"/>
  <testcase name="verifyFourthValue" classname="horizontalSliderTests.SliderTests" time="0.827"/>
</testsuite>