<?xml version="1.0" encoding="UTF-8"?>
<testsuite xmlns:xsi="http://www.w3.org/2001/XMLSchema-instance" xsi:noNamespaceSchemaLocation="https://maven.apache.org/surefire/maven-surefire-plugin/xsd/surefire-test-report.xsd" name="TestSuite" time="37.368" tests="9" errors="0" skipped="0" failures="0">
  <properties>
[...]
</properties>
  <testcase name="verifyFifthValue" classname="horizontalSliderTests.SliderTests" time="1.037"/>
  <testcase name="uploadPDFFile" classname="uploadFilesTests.UploadFileTests" time="1.098"/>
  <testcase name="verifyLeftFrame" classname="nestedFramesTests.NestedFramesTests" time="1.102"/>
  <testcase name="sucessAuthentication" classname="authenticationTests.AuthenticationForm" time="1.195"/>
  <testcase name="verifySecondValue" classname="horizontalSliderTests.SliderTests" time="0.524"/>
  <testcase name="verifyRightFrame" classname="nestedFramesTests.NestedFramesTests" time="0.935"/>
  <testcase name="failedAuthentication" classname="authenticationTests.AuthenticationForm" time="1.002"/>
  <testcase name="verifyFourthValue" classname="horizontalSliderTests.SliderTests" time="0.71"/>
  <testcase name="incorrectPasswordAuth" classname="authenticationTests.AuthenticationForm" time="1.073"/>
</testsuite>