<?xml version="1.0" encoding="UTF-8"?>
<!-- Generated by org.testng.reporters.JUnitXMLReporter -->
<testsuite ignored="0" hostname="DESKTOP-MUIS24O" failures="0" tests="9" name="Test" time="35.434" errors="0" timestamp="2020-10-13T15:39:16 CEST">
  <testcase classname="nestedFramesTests.NestedFramesTests" name="verifyLeftFrame" time="1.134"/>
  <testcase classname="uploadFilesTests.UploadFileTests" name="uploadPDFFile" time="1.111"/>
  <testcase classname="authenticationTests.AuthenticationForm" name="sucessAuthentication" time="1.332"/>
  <testcase classname="horizontalSliderTests.SliderTests" name="verifyFifthValue" time="1.029"/>
  <testcase classname="nestedFramesTests.NestedFramesTests" name="verifyRightFrame" time="1.073"/>
  <testcase classname="authenticationTests.AuthenticationForm" name="failedAuthentication" time="1.313"/>
  <testcase classname="horizontalSliderTests.SliderTests" name="verifySecondValue" time="0.55"/>
  <testcase classname="authenticationTests.AuthenticationForm" name="incorrectPasswordAuth" time="1.022"/>
  <testcase classname="horizontalSliderTests.SliderTests" name="verifyFourthValue" time="0.716"/>
</testsuite> <!-- Test -->
