<?xml version="1.0" encoding="UTF-8"?>
<!-- Generated by org.testng.reporters.JUnitXMLReporter -->
<testsuite ignored="0" hostname="DESKTOP-MUIS24O" failures="0" tests="9" name="Test" time="40.233" errors="0" timestamp="2020-09-18T16:55:43 CEST">
  <testcase classname="uploadFilesTests.UploadFileTests" name="uploadPDFFile" time="1.17"/>
  <testcase classname="nestedFramesTests.NestedFramesTests" name="verifyLeftFrame" time="1.136"/>
  <testcase classname="authenticationTests.AuthenticationForm" name="sucessAuthentication" time="1.303"/>
  <testcase classname="horizontalSliderTests.SliderTests" name="verifyFifthValue" time="1.184"/>
  <testcase classname="nestedFramesTests.NestedFramesTests" name="verifyRightFrame" time="1.137"/>
  <testcase classname="authenticationTests.AuthenticationForm" name="failedAuthentication" time="1.424"/>
  <testcase classname="horizontalSliderTests.SliderTests" name="verifySecondValue" time="0.696"/>
  <testcase classname="authenticationTests.AuthenticationForm" name="incorrectPasswordAuth" time="1.278"/>
  <testcase classname="horizontalSliderTests.SliderTests" name="verifyFourthValue" time="0.827"/>
</testsuite> <!-- Test -->
