<?xml version="1.0" encoding="UTF-8"?>
<testng-results ignored="0" total="3" passed="3" failed="0" skipped="0">
  <reporter-output>
  </reporter-output>
  <suite started-at="2020-10-13T13:31:40 CEST" name="Default suite" finished-at="2020-10-13T13:32:35 CEST" duration-ms="54530">
    <groups>
    </groups>
    <test started-at="2020-10-13T13:31:40 CEST" name="Default test" finished-at="2020-10-13T13:32:35 CEST" duration-ms="54530">
      <class name="horizontalSliderTests.SliderTests">
        <test-method is-config="true" signature="browserSetUp()[pri:0, instance:horizontalSliderTests.SliderTests@1613674b]" started-at="2020-10-13T13:31:40 CEST" name="browserSetUp" finished-at="2020-10-13T13:32:06 CEST" duration-ms="25788" status="PASS">
          <reporter-output>
          </reporter-output>
        </test-method> <!-- browserSetUp -->
        <test-method signature="verifyFifthValue()[pri:1, instance:horizontalSliderTests.SliderTests@1613674b]" started-at="2020-10-13T13:32:06 CEST" name="verifyFifthValue" finished-at="2020-10-13T13:32:09 CEST" duration-ms="3033" status="PASS">
          <reporter-output>
          </reporter-output>
        </test-method> <!-- verifyFifthValue -->
        <test-method is-config="true" signature="recordFailure(org.testng.ITestResult)[pri:0, instance:horizontalSliderTests.SliderTests@1613674b]" started-at="2020-10-13T13:32:09 CEST" name="recordFailure" finished-at="2020-10-13T13:32:09 CEST" duration-ms="2" status="PASS">
          <params>
            <param index="0">
              <value>
                <![CDATA[[TestResult name=verifyFifthValue status=SUCCESS method=SliderTests.verifyFifthValue()[pri:1, instance:horizontalSliderTests.SliderTests@1613674b] output={null}]]]>
              </value>
            </param>
          </params>
          <reporter-output>
          </reporter-output>
        </test-method> <!-- recordFailure -->
        <test-method is-config="true" signature="tearDown()[pri:0, instance:horizontalSliderTests.SliderTests@1613674b]" started-at="2020-10-13T13:32:09 CEST" name="tearDown" finished-at="2020-10-13T13:32:13 CEST" duration-ms="3966" status="PASS">
          <reporter-output>
          </reporter-output>
        </test-method> <!-- tearDown -->
        <test-method is-config="true" signature="browserSetUp()[pri:0, instance:horizontalSliderTests.SliderTests@1613674b]" started-at="2020-10-13T13:32:13 CEST" name="browserSetUp" finished-at="2020-10-13T13:32:24 CEST" duration-ms="11019" status="PASS">
          <reporter-output>
          </reporter-output>
        </test-method> <!-- browserSetUp -->
        <test-method signature="verifySecondValue()[pri:2, instance:horizontalSliderTests.SliderTests@1613674b]" started-at="2020-10-13T13:32:24 CEST" name="verifySecondValue" finished-at="2020-10-13T13:32:25 CEST" duration-ms="671" status="PASS">
          <reporter-output>
          </reporter-output>
        </test-method> <!-- verifySecondValue -->
        <test-method is-config="true" signature="recordFailure(org.testng.ITestResult)[pri:0, instance:horizontalSliderTests.SliderTests@1613674b]" started-at="2020-10-13T13:32:25 CEST" name="recordFailure" finished-at="2020-10-13T13:32:25 CEST" duration-ms="0" status="PASS">
          <params>
            <param index="0">
              <value>
                <![CDATA[[TestResult name=verifySecondValue status=SUCCESS method=SliderTests.verifySecondValue()[pri:2, instance:horizontalSliderTests.SliderTests@1613674b] output={null}]]]>
              </value>
            </param>
          </params>
          <reporter-output>
          </reporter-output>
        </test-method> <!-- recordFailure -->
        <test-method is-config="true" signature="tearDown()[pri:0, instance:horizontalSliderTests.SliderTests@1613674b]" started-at="2020-10-13T13:32:25 CEST" name="tearDown" finished-at="2020-10-13T13:32:26 CEST" duration-ms="561" status="PASS">
          <reporter-output>
          </reporter-output>
        </test-method> <!-- tearDown -->
        <test-method is-config="true" signature="browserSetUp()[pri:0, instance:horizontalSliderTests.SliderTests@1613674b]" started-at="2020-10-13T13:32:26 CEST" name="browserSetUp" finished-at="2020-10-13T13:32:33 CEST" duration-ms="7719" status="PASS">
          <reporter-output>
          </reporter-output>
        </test-method> <!-- browserSetUp -->
        <test-method signature="verifyFourthValue()[pri:3, instance:horizontalSliderTests.SliderTests@1613674b]" started-at="2020-10-13T13:32:33 CEST" name="verifyFourthValue" finished-at="2020-10-13T13:32:34 CEST" duration-ms="1143" status="PASS">
          <reporter-output>
          </reporter-output>
        </test-method> <!-- verifyFourthValue -->
        <test-method is-config="true" signature="recordFailure(org.testng.ITestResult)[pri:0, instance:horizontalSliderTests.SliderTests@1613674b]" started-at="2020-10-13T13:32:34 CEST" name="recordFailure" finished-at="2020-10-13T13:32:34 CEST" duration-ms="1" status="PASS">
          <params>
            <param index="0">
              <value>
                <![CDATA[[TestResult name=verifyFourthValue status=SUCCESS method=SliderTests.verifyFourthValue()[pri:3, instance:horizontalSliderTests.SliderTests@1613674b] output={null}]]]>
              </value>
            </param>
          </params>
          <reporter-output>
          </reporter-output>
        </test-method> <!-- recordFailure -->
        <test-method is-config="true" signature="tearDown()[pri:0, instance:horizontalSliderTests.SliderTests@1613674b]" started-at="2020-10-13T13:32:34 CEST" name="tearDown" finished-at="2020-10-13T13:32:35 CEST" duration-ms="568" status="PASS">
          <reporter-output>
          </reporter-output>
        </test-method> <!-- tearDown -->
      </class> <!-- horizontalSliderTests.SliderTests -->
    </test> <!-- Default test -->
  </suite> <!-- Default suite -->
</testng-results>
